{"contracts/mocks/VRFCoordinatorV2Mock.sol":{"l":{},"path":"/Users/vincent/Desktop/Hardhat-Smart-Contract-Lottery/contracts/mocks/VRFCoordinatorV2Mock.sol","s":{},"b":{},"f":{},"fnMap":{},"statementMap":{},"branchMap":{}},"contracts/Raffle.sol":{"l":{"70":3,"71":3,"72":3,"73":3,"74":3,"75":3,"76":3,"77":3,"82":5,"84":1,"86":4,"88":1,"90":3,"92":3,"110":1,"111":1,"112":1,"113":1,"114":1,"116":1,"122":1,"123":1,"125":0,"131":1,"132":1,"139":1,"144":0,"145":0,"146":0,"147":0,"148":0,"149":0,"150":0,"152":0,"154":0,"157":0,"162":5,"167":1,"172":0,"177":1,"182":0,"187":0,"192":0,"197":0,"202":6},"path":"/Users/vincent/Desktop/Hardhat-Smart-Contract-Lottery/contracts/Raffle.sol","s":{"1":3,"2":3,"3":3,"4":3,"5":3,"6":3,"7":3,"8":3,"9":5,"10":4,"11":3,"12":3,"13":1,"14":1,"15":1,"16":1,"17":1,"18":1,"19":1,"20":1,"21":1,"22":1,"23":1,"24":0,"25":0,"26":0,"27":0,"28":0,"29":0,"30":0,"31":0,"32":0,"33":5,"34":1,"35":0,"36":1,"37":0,"38":0,"39":0,"40":0,"41":6},"b":{"1":[1,4],"2":[1,3],"3":[0,1],"4":[0,0]},"f":{"1":3,"2":5,"3":1,"4":1,"5":0,"6":5,"7":1,"8":0,"9":1,"10":0,"11":0,"12":0,"13":0,"14":6},"fnMap":{"1":{"name":"constructor","line":68,"loc":{"start":{"line":61,"column":4},"end":{"line":78,"column":4}}},"2":{"name":"enterRaffle","line":80,"loc":{"start":{"line":80,"column":4},"end":{"line":93,"column":4}}},"3":{"name":"checkUpkeep","line":104,"loc":{"start":{"line":104,"column":4},"end":{"line":118,"column":4}}},"4":{"name":"performUpkeep","line":120,"loc":{"start":{"line":120,"column":4},"end":{"line":140,"column":4}}},"5":{"name":"fulfillRandomWords","line":142,"loc":{"start":{"line":142,"column":4},"end":{"line":158,"column":4}}},"6":{"name":"getEntranceFee","line":160,"loc":{"start":{"line":160,"column":4},"end":{"line":163,"column":4}}},"7":{"name":"getPlayer","line":165,"loc":{"start":{"line":165,"column":4},"end":{"line":168,"column":4}}},"8":{"name":"getRecentWinner","line":170,"loc":{"start":{"line":170,"column":4},"end":{"line":173,"column":4}}},"9":{"name":"getRaffleState","line":175,"loc":{"start":{"line":175,"column":4},"end":{"line":178,"column":4}}},"10":{"name":"getNumWords","line":180,"loc":{"start":{"line":180,"column":4},"end":{"line":183,"column":4}}},"11":{"name":"getNumberOfPlayers","line":185,"loc":{"start":{"line":185,"column":4},"end":{"line":188,"column":4}}},"12":{"name":"getLatestTimestamp","line":190,"loc":{"start":{"line":190,"column":4},"end":{"line":193,"column":4}}},"13":{"name":"getRequestConfirmations","line":195,"loc":{"start":{"line":195,"column":4},"end":{"line":198,"column":4}}},"14":{"name":"getInterval","line":200,"loc":{"start":{"line":200,"column":4},"end":{"line":203,"column":4}}}},"statementMap":{"1":{"start":{"line":70,"column":8},"end":{"line":70,"column":34}},"2":{"start":{"line":71,"column":8},"end":{"line":71,"column":69}},"3":{"start":{"line":72,"column":8},"end":{"line":72,"column":26}},"4":{"start":{"line":73,"column":8},"end":{"line":73,"column":40}},"5":{"start":{"line":74,"column":8},"end":{"line":74,"column":44}},"6":{"start":{"line":75,"column":8},"end":{"line":75,"column":39}},"7":{"start":{"line":76,"column":8},"end":{"line":76,"column":40}},"8":{"start":{"line":77,"column":8},"end":{"line":77,"column":28}},"9":{"start":{"line":82,"column":8},"end":{"line":82,"column":2547}},"10":{"start":{"line":86,"column":8},"end":{"line":86,"column":2656}},"11":{"start":{"line":90,"column":8},"end":{"line":90,"column":42}},"12":{"start":{"line":92,"column":8},"end":{"line":92,"column":36}},"13":{"start":{"line":110,"column":8},"end":{"line":110,"column":55}},"14":{"start":{"line":111,"column":8},"end":{"line":111,"column":77}},"15":{"start":{"line":112,"column":8},"end":{"line":112,"column":46}},"16":{"start":{"line":113,"column":8},"end":{"line":113,"column":51}},"17":{"start":{"line":114,"column":8},"end":{"line":114,"column":76}},"18":{"start":{"line":116,"column":8},"end":{"line":116,"column":36}},"19":{"start":{"line":122,"column":8},"end":{"line":122,"column":49}},"20":{"start":{"line":123,"column":8},"end":{"line":123,"column":3941}},"21":{"start":{"line":131,"column":8},"end":{"line":131,"column":46}},"22":{"start":{"line":132,"column":8},"end":{"line":132,"column":4198}},"23":{"start":{"line":139,"column":8},"end":{"line":139,"column":45}},"24":{"start":{"line":144,"column":8},"end":{"line":144,"column":65}},"25":{"start":{"line":145,"column":8},"end":{"line":145,"column":63}},"26":{"start":{"line":146,"column":8},"end":{"line":146,"column":36}},"27":{"start":{"line":147,"column":8},"end":{"line":147,"column":39}},"28":{"start":{"line":148,"column":8},"end":{"line":148,"column":43}},"29":{"start":{"line":149,"column":8},"end":{"line":149,"column":40}},"30":{"start":{"line":150,"column":8},"end":{"line":150,"column":78}},"31":{"start":{"line":152,"column":8},"end":{"line":152,"column":4965}},"32":{"start":{"line":157,"column":8},"end":{"line":157,"column":39}},"33":{"start":{"line":162,"column":8},"end":{"line":162,"column":28}},"34":{"start":{"line":167,"column":8},"end":{"line":167,"column":31}},"35":{"start":{"line":172,"column":8},"end":{"line":172,"column":29}},"36":{"start":{"line":177,"column":8},"end":{"line":177,"column":28}},"37":{"start":{"line":182,"column":8},"end":{"line":182,"column":24}},"38":{"start":{"line":187,"column":8},"end":{"line":187,"column":31}},"39":{"start":{"line":192,"column":8},"end":{"line":192,"column":30}},"40":{"start":{"line":197,"column":8},"end":{"line":197,"column":36}},"41":{"start":{"line":202,"column":8},"end":{"line":202,"column":25}}},"branchMap":{"1":{"line":82,"type":"if","locations":[{"start":{"line":82,"column":8},"end":{"line":82,"column":8}},{"start":{"line":82,"column":8},"end":{"line":82,"column":8}}]},"2":{"line":86,"type":"if","locations":[{"start":{"line":86,"column":8},"end":{"line":86,"column":8}},{"start":{"line":86,"column":8},"end":{"line":86,"column":8}}]},"3":{"line":123,"type":"if","locations":[{"start":{"line":123,"column":8},"end":{"line":123,"column":8}},{"start":{"line":123,"column":8},"end":{"line":123,"column":8}}]},"4":{"line":152,"type":"if","locations":[{"start":{"line":152,"column":8},"end":{"line":152,"column":8}},{"start":{"line":152,"column":8},"end":{"line":152,"column":8}}]}}}}