TN:
SF:/Users/vincent/Desktop/Hardhat-Smart-Contract-Lottery/contracts/mocks/VRFCoordinatorV2Mock.sol
FNF:0
FNH:0
LF:0
LH:0
BRF:0
BRH:0
end_of_record
TN:
SF:/Users/vincent/Desktop/Hardhat-Smart-Contract-Lottery/contracts/Raffle.sol
FN:68,constructor
FN:80,enterRaffle
FN:104,checkUpkeep
FN:120,performUpkeep
FN:142,fulfillRandomWords
FN:160,getEntranceFee
FN:165,getPlayer
FN:170,getRecentWinner
FN:175,getRaffleState
FN:180,getNumWords
FN:185,getNumberOfPlayers
FN:190,getLatestTimestamp
FN:195,getRequestConfirmations
FN:200,getInterval
FNF:14
FNH:8
FNDA:3,constructor
FNDA:5,enterRaffle
FNDA:1,checkUpkeep
FNDA:1,performUpkeep
FNDA:0,fulfillRandomWords
FNDA:5,getEntranceFee
FNDA:1,getPlayer
FNDA:0,getRecentWinner
FNDA:1,getRaffleState
FNDA:0,getNumWords
FNDA:0,getNumberOfPlayers
FNDA:0,getLatestTimestamp
FNDA:0,getRequestConfirmations
FNDA:6,getInterval
DA:70,3
DA:71,3
DA:72,3
DA:73,3
DA:74,3
DA:75,3
DA:76,3
DA:77,3
DA:82,5
DA:84,1
DA:86,4
DA:88,1
DA:90,3
DA:92,3
DA:110,1
DA:111,1
DA:112,1
DA:113,1
DA:114,1
DA:116,1
DA:122,1
DA:123,1
DA:125,0
DA:131,1
DA:132,1
DA:139,1
DA:144,0
DA:145,0
DA:146,0
DA:147,0
DA:148,0
DA:149,0
DA:150,0
DA:152,0
DA:154,0
DA:157,0
DA:162,5
DA:167,1
DA:172,0
DA:177,1
DA:182,0
DA:187,0
DA:192,0
DA:197,0
DA:202,6
LF:45
LH:29
BRDA:82,1,0,1
BRDA:82,1,1,4
BRDA:86,2,0,1
BRDA:86,2,1,3
BRDA:123,3,0,0
BRDA:123,3,1,1
BRDA:152,4,0,0
BRDA:152,4,1,0
BRF:8
BRH:5
end_of_record
